<?xml version="1.0" encoding="UTF-8"?>
<!-- Generated by org.testng.reporters.JUnitReportReporter -->
<testsuite hostname="SPL2031" failures="0" tests="1" name="vdn.DefaultOrgUserWithBothAsRoleIsAbleToReviewTheContent" time="117.383" errors="0" timestamp="2024-03-08T11:58:13 IST" skipped="0">
  <testcase classname="vdn.DefaultOrgUserWithBothAsRoleIsAbleToReviewTheContent" name="verifyDefaultOrgUserWithBothAsRoleIsAbleToReviewTheContent" time="117.383"/>
  <system-out/>
</testsuite> <!-- vdn.DefaultOrgUserWithBothAsRoleIsAbleToReviewTheContent -->
