<?xml version="1.0" encoding="UTF-8"?>
<!-- Generated by org.testng.reporters.JUnitReportReporter -->
<testsuite hostname="SPL2031" failures="0" tests="1" name="regression.sourcing.VerifyAdminCanAbleToApplySortAndFilterInNominationTab" time="276.078" errors="0" timestamp="2024-02-16T16:33:06 IST" skipped="0">
  <testcase classname="regression.sourcing.VerifyAdminCanAbleToApplySortAndFilterInNominationTab" name="verifyAdminCanAbleToApplySortAndFilterInNominationTab" time="276.078"/>
  <system-out/>
</testsuite> <!-- regression.sourcing.VerifyAdminCanAbleToApplySortAndFilterInNominationTab -->
