<?xml version="1.0" encoding="UTF-8"?>
<!-- Generated by org.testng.reporters.JUnitReportReporter -->
<testsuite hostname="SPL2031" failures="0" tests="1" name="regression.sourcing.VerifyProjectDetailsOfYourOrganizationWithSkipReviewEnabled" time="28.005" errors="0" timestamp="2024-03-08T14:14:45 IST" skipped="0">
  <testcase classname="regression.sourcing.VerifyProjectDetailsOfYourOrganizationWithSkipReviewEnabled" name="verifyProjectDetailsOfYourOrganizationWithSkipReviewEnabled" time="28.005"/>
  <system-out/>
</testsuite> <!-- regression.sourcing.VerifyProjectDetailsOfYourOrganizationWithSkipReviewEnabled -->
