<?xml version="1.0" encoding="UTF-8"?>
<!-- Generated by org.testng.reporters.JUnitReportReporter -->
<testsuite hostname="SPL2031" failures="0" tests="1" name="regression.sourcing.VerifyAdminIsAbleToApplyStatusFilterAndFetchTheResultInTheNominationStatus" time="45.768" errors="0" timestamp="2024-02-19T17:28:37 IST" skipped="0">
  <testcase classname="regression.sourcing.VerifyAdminIsAbleToApplyStatusFilterAndFetchTheResultInTheNominationStatus" name="verifyAdminIsAbleToApplyStatusFilterAndFetchTheResultInTheNominationStatus" time="45.768"/>
  <system-out/>
</testsuite> <!-- regression.sourcing.VerifyAdminIsAbleToApplyStatusFilterAndFetchTheResultInTheNominationStatus -->
