<?xml version="1.0" encoding="UTF-8"?>
<!-- Generated by org.testng.reporters.JUnitReportReporter -->
<testsuite hostname="SPL2031" failures="0" tests="1" name="regression.sourcing.VerifyAllTheDetailsAreAvailableInNominationTab" time="31.671" errors="0" timestamp="2024-02-19T15:24:07 IST" skipped="0">
  <testcase classname="regression.sourcing.VerifyAllTheDetailsAreAvailableInNominationTab" name="verifyAllTheDetailsAreAvailableInNominationTab" time="31.671"/>
  <system-out/>
</testsuite> <!-- regression.sourcing.VerifyAllTheDetailsAreAvailableInNominationTab -->
